<?xml version="1.0" encoding="UTF-8"?>
<testsuite xmlns:xsi="http://www.w3.org/2001/XMLSchema-instance" xsi:noNamespaceSchemaLocation="https://maven.apache.org/surefire/maven-surefire-plugin/xsd/surefire-test-report-3.0.xsd" version="3.0" name="pl.edu.agh.kis.pz1.MainTest" time="0.147" tests="2" errors="0" skipped="0" failures="0">
  <properties>
    <property name="sonar.projectName" value="Czytelnicy1"/>
    <property name="java.specification.version" value="17"/>
    <property name="sun.cpu.isalist" value="amd64"/>
    <property name="sonar.host.url" value="http://localhost:9000"/>
    <property name="sun.jnu.encoding" value="Cp1250"/>
    <property name="java.class.path" value="C:\Users\jan_b\OneDrive\Pulpit\CzytelnicyIPisarze\main\target\test-classes;C:\Users\jan_b\OneDrive\Pulpit\CzytelnicyIPisarze\main\target\classes;C:\Users\jan_b\.m2\repository\org\junit\jupiter\junit-jupiter-engine\5.11.3\junit-jupiter-engine-5.11.3.jar;C:\Users\jan_b\.m2\repository\org\junit\platform\junit-platform-engine\1.11.3\junit-platform-engine-1.11.3.jar;C:\Users\jan_b\.m2\repository\org\apiguardian\apiguardian-api\1.1.2\apiguardian-api-1.1.2.jar;C:\Users\jan_b\.m2\repository\org\junit\jupiter\junit-jupiter-api\5.11.3\junit-jupiter-api-5.11.3.jar;C:\Users\jan_b\.m2\repository\org\opentest4j\opentest4j\1.3.0\opentest4j-1.3.0.jar;C:\Users\jan_b\.m2\repository\org\junit\platform\junit-platform-commons\1.11.3\junit-platform-commons-1.11.3.jar;C:\Users\jan_b\OneDrive\Pulpit\CzytelnicyIPisarze\utils\target\utils-1.0.jar;C:\Users\jan_b\OneDrive\Pulpit\CzytelnicyIPisarze\model\target\model-1.0.jar;"/>
    <property name="java.vm.vendor" value="Oracle Corporation"/>
    <property name="sun.arch.data.model" value="64"/>
    <property name="user.variant" value=""/>
    <property name="java.vendor.url" value="https://java.oracle.com/"/>
    <property name="user.timezone" value="Europe/Warsaw"/>
    <property name="os.name" value="Windows 11"/>
    <property name="java.vm.specification.version" value="17"/>
    <property name="sun.java.launcher" value="SUN_STANDARD"/>
    <property name="user.country" value="PL"/>
    <property name="sun.boot.library.path" value="C:\Program Files\Java\jdk-17\bin"/>
    <property name="sun.java.command" value="C:\Users\jan_b\AppData\Local\Temp\surefire5325008084995314690\surefirebooter-20250118001117072_14.jar C:\Users\jan_b\AppData\Local\Temp\surefire5325008084995314690 2025-01-18T00-10-59_142-jvmRun1 surefire-20250118001117072_12tmp surefire_1-20250118001117072_13tmp"/>
    <property name="jdk.debug" value="release"/>
    <property name="surefire.test.class.path" value="C:\Users\jan_b\OneDrive\Pulpit\CzytelnicyIPisarze\main\target\test-classes;C:\Users\jan_b\OneDrive\Pulpit\CzytelnicyIPisarze\main\target\classes;C:\Users\jan_b\.m2\repository\org\junit\jupiter\junit-jupiter-engine\5.11.3\junit-jupiter-engine-5.11.3.jar;C:\Users\jan_b\.m2\repository\org\junit\platform\junit-platform-engine\1.11.3\junit-platform-engine-1.11.3.jar;C:\Users\jan_b\.m2\repository\org\apiguardian\apiguardian-api\1.1.2\apiguardian-api-1.1.2.jar;C:\Users\jan_b\.m2\repository\org\junit\jupiter\junit-jupiter-api\5.11.3\junit-jupiter-api-5.11.3.jar;C:\Users\jan_b\.m2\repository\org\opentest4j\opentest4j\1.3.0\opentest4j-1.3.0.jar;C:\Users\jan_b\.m2\repository\org\junit\platform\junit-platform-commons\1.11.3\junit-platform-commons-1.11.3.jar;C:\Users\jan_b\OneDrive\Pulpit\CzytelnicyIPisarze\utils\target\utils-1.0.jar;C:\Users\jan_b\OneDrive\Pulpit\CzytelnicyIPisarze\model\target\model-1.0.jar;"/>
    <property name="sun.cpu.endian" value="little"/>
    <property name="user.home" value="C:\Users\jan_b"/>
    <property name="user.language" value="pl"/>
    <property name="java.specification.vendor" value="Oracle Corporation"/>
    <property name="java.version.date" value="2024-07-16"/>
    <property name="java.home" value="C:\Program Files\Java\jdk-17"/>
    <property name="file.separator" value="\"/>
    <property name="basedir" value="C:\Users\jan_b\OneDrive\Pulpit\CzytelnicyIPisarze\main"/>
    <property name="java.vm.compressedOopsMode" value="Zero based"/>
    <property name="line.separator" value="&#10;"/>
    <property name="java.vm.specification.vendor" value="Oracle Corporation"/>
    <property name="java.specification.name" value="Java Platform API Specification"/>
    <property name="surefire.real.class.path" value="C:\Users\jan_b\AppData\Local\Temp\surefire5325008084995314690\surefirebooter-20250118001117072_14.jar"/>
    <property name="user.script" value=""/>
    <property name="sun.management.compiler" value="HotSpot 64-Bit Tiered Compilers"/>
    <property name="java.runtime.version" value="17.0.12+8-LTS-286"/>
    <property name="user.name" value="jan_b"/>
    <property name="path.separator" value=";"/>
    <property name="os.version" value="10.0"/>
    <property name="java.runtime.name" value="Java(TM) SE Runtime Environment"/>
    <property name="file.encoding" value="Cp1250"/>
    <property name="java.vm.name" value="Java HotSpot(TM) 64-Bit Server VM"/>
    <property name="localRepository" value="C:\Users\jan_b\.m2\repository"/>
    <property name="java.vendor.url.bug" value="https://bugreport.java.com/bugreport/"/>
    <property name="java.io.tmpdir" value="C:\Users\jan_b\AppData\Local\Temp\"/>
    <property name="sonar.token" value="sqp_b45816317d11e98cf79a20b32123eb325f66531b"/>
    <property name="java.version" value="17.0.12"/>
    <property name="user.dir" value="C:\Users\jan_b\OneDrive\Pulpit\CzytelnicyIPisarze\main"/>
    <property name="os.arch" value="amd64"/>
    <property name="java.vm.specification.name" value="Java Virtual Machine Specification"/>
    <property name="sun.os.patch.level" value=""/>
    <property name="native.encoding" value="Cp1250"/>
    <property name="sonar.projectKey" value="Czytelnicy1"/>
    <property name="java.library.path" value="C:\Program Files\Java\jdk-17\bin;C:\WINDOWS\Sun\Java\bin;C:\WINDOWS\system32;C:\WINDOWS;C:\Program Files\Java\jdk-17\bin;C:\Program Files\Common Files\Oracle\Java\javapath;C:\Windows\system32;C:\Windows;C:\Windows\System32\Wbem;C:\Windows\System32\WindowsPowerShell\v1.0\;C:\Windows\System32\OpenSSH\;C:\Program Files (x86)\NVIDIA Corporation\PhysX\Common;C:\MinGW\bin;C:\Program Files\Git\cmd;C:\Program Files\Microsoft SQL Server\150\Tools\Binn\;C:\Program Files\Microsoft SQL Server\Client SDK\ODBC\170\Tools\Binn\;C:\Program Files (x86)\Windows Kits\10\Windows Performance Toolkit\;C:\Program Files\JetBrains\PyCharm 2024.1.5\bin\;C:\Program Files\dotnet\;C:\WINDOWS\system32;C:\WINDOWS;C:\WINDOWS\System32\Wbem;C:\WINDOWS\System32\WindowsPowerShell\v1.0\;C:\WINDOWS\System32\OpenSSH\;C:\Program Files\PuTTY\;C:\Program Files\Graphviz\bin;C:\Program Files\NVIDIA Corporation\NVIDIA app\NvDLISR;C:\Users\jan_b\AppData\Local\Programs\Python\Python310;C:\Users\jan_b\AppData\Local\Programs\Python\Python310\Scripts;C:\Program Files\Java\jdk-17\bin;C:\Users\jan_b\AppData\Local\Programs\Python\Python313\Scripts\;C:\Users\jan_b\AppData\Local\Programs\Python\Python313\;C:\Users\jan_b\AppData\Local\Programs\Python\Launcher\;C:\Users\jan_b\AppData\Local\Microsoft\WindowsApps;C:\Program Files\JetBrains\CLion 2024.1.4\bin;;C:\Program Files\JetBrains\JetBrains Rider 2024.1.5\bin;;C:\Program Files\JetBrains\IntelliJ IDEA 2024.1.5\bin;;C:\Program Files\JetBrains\PyCharm 2024.1.5\bin;;C:\Users\jan_b\AppData\Local\GitHubDesktop\bin;C:\Users\jan_b\AppData\Local\Programs\Microsoft VS Code\bin;C:\Users\jan_b\.dotnet\tools;C:\Users\jan_b\Maven\apache-maven-3.9.9\bin;C:\Program Files\PostgreSQL\17\bin;C:\Program Files\wkhtmltopdf\bin;C:\MinGW\bin;;."/>
    <property name="java.vm.info" value="mixed mode, sharing"/>
    <property name="java.vendor" value="Oracle Corporation"/>
    <property name="java.vm.version" value="17.0.12+8-LTS-286"/>
    <property name="sun.io.unicode.encoding" value="UnicodeLittle"/>
    <property name="java.class.version" value="61.0"/>
  </properties>
  <testcase name="testGetInfo" classname="pl.edu.agh.kis.pz1.MainTest" time="0.055">
    <system-out><![CDATA[Enter maximum number of people inside: 
Enter number of writers: 
Enter number of readers: 

]]></system-out>
  </testcase>
  <testcase name="testRunThreads" classname="pl.edu.agh.kis.pz1.MainTest" time="0.03">
    <system-out><![CDATA[Enter maximum number of people inside: 
Enter number of writers: 
Enter number of readers: 

Writer 0 chce pisaÄ‡
---------------------------
Currently in queue: 
Writer 0, 
[Thread[surefire-forkedjvm-command-thread,5,main], Thread[Reader3,5,main], Thread[Writer2,5,main], Thread[Signal Dispatcher,9,system], Thread[Reference Handler,10,system], Thread[Writer1,5,main], Thread[Finalizer,8,system], Thread[Reader1,5,main], Thread[Writer0,5,main], Thread[Notification Thread,9,system], Thread[Attach Listener,5,system], Thread[Common-Cleaner,8,InnocuousThreadGroup], Thread[Reader0,5,main], Thread[surefire-forkedjvm-stream-flusher,5,main], Thread[main,5,main], Thread[Reader2,5,main]]
surefire-forkedjvm-command-thread
Reader3
Writer2
Signal Dispatcher
Reference Handler
Writer1
Finalizer
Reader1
Writer0
Notification Thread
Attach Listener
Common-Cleaner
Reader0
surefire-forkedjvm-stream-flusher
main
Reader2
]]></system-out>
  </testcase>
</testsuite>